<?xml version="1.0" encoding="UTF-8"?>
<testsuite xmlns:xsi="http://www.w3.org/2001/XMLSchema-instance" xsi:noNamespaceSchemaLocation="https://maven.apache.org/surefire/maven-surefire-plugin/xsd/surefire-test-report-3.0.xsd" version="3.0" name="runners.RunnerClass" time="19.908" tests="2" errors="0" skipped="0" failures="1">
  <properties>
[...]
</properties>
  <testcase name="Admin login" classname="Validation of login scenarios" time="10.889">
    <system-out><![CDATA[
@batch12 @smoke @regression @sprint12
Scenario: Admin login                       # src/test/resources/features/Login.feature:7
  When user enters valid admin credentials  # steps.EmployeeSearchSteps.user_enters_valid_admin_credentials()
  And user clicks on login button           # steps.EmployeeSearchSteps.user_clicks_on_login_button()
  Then admin user is successfully logged in # steps.LoginSteps.admin_user_is_successfully_logged_in()

    Embedding Admin login [image/png 62584 bytes]

]]></system-out>
    <system-err><![CDATA[SLF4J: Failed to load class "org.slf4j.impl.StaticLoggerBinder".
SLF4J: Defaulting to no-operation (NOP) logger implementation
SLF4J: See http://www.slf4j.org/codes.html#StaticLoggerBinder for further details.
Starting ChromeDriver 100.0.4896.60 (6a5d10861ce8de5fce22564658033b43cb7de047-refs/branch-heads/4896@{#875}) on port 42536
Only local connections are allowed.
Please see https://chromedriver.chromium.org/security-considerations for suggestions on keeping ChromeDriver safe.
ChromeDriver was started successfully.
May 07, 2022 9:44:48 PM org.openqa.selenium.remote.ProtocolHandshake createSession
INFO: Detected dialect: W3C
]]></system-err>
  </testcase>
  <testcase name="ESS login" classname="Validation of login scenarios" time="8.021">
    <failure type="java.lang.AssertionError"><![CDATA[java.lang.AssertionError
	at org.junit.Assert.fail(Assert.java:87)
	at org.junit.Assert.assertTrue(Assert.java:42)
	at org.junit.Assert.assertFalse(Assert.java:65)
	at org.junit.Assert.assertFalse(Assert.java:75)
	at steps.LoginSteps.ess_user_is_successfully_logged_in(LoginSteps.java:33)
	at ✽.ess user is successfully logged in(file:///C:/Users/sohai/IdeaProjects/CucumberFrameworkBatch12/src/test/resources/features/Login.feature:18)
]]></failure>
    <system-out><![CDATA[
@regression @smoke @sprint12
Scenario: ESS login                                # src/test/resources/features/Login.feature:14
  When user enters valid ess username and password # steps.LoginSteps.user_enters_valid_ess_username_and_password()
  And user clicks on login button                  # steps.EmployeeSearchSteps.user_clicks_on_login_button()
  Then ess user is successfully logged in          # steps.LoginSteps.ess_user_is_successfully_logged_in()
      java.lang.AssertionError
	at org.junit.Assert.fail(Assert.java:87)
	at org.junit.Assert.assertTrue(Assert.java:42)
	at org.junit.Assert.assertFalse(Assert.java:65)
	at org.junit.Assert.assertFalse(Assert.java:75)
	at steps.LoginSteps.ess_user_is_successfully_logged_in(LoginSteps.java:33)
	at âœ½.ess user is successfully logged in(file:///C:/Users/sohai/IdeaProjects/CucumberFrameworkBatch12/src/test/resources/features/Login.feature:18)


    Embedding ESS login [image/png 55762 bytes]

]]></system-out>
    <system-err><![CDATA[Starting ChromeDriver 100.0.4896.60 (6a5d10861ce8de5fce22564658033b43cb7de047-refs/branch-heads/4896@{#875}) on port 41025
Only local connections are allowed.
Please see https://chromedriver.chromium.org/security-considerations for suggestions on keeping ChromeDriver safe.
ChromeDriver was started successfully.
May 07, 2022 9:44:58 PM org.openqa.selenium.remote.ProtocolHandshake createSession
INFO: Detected dialect: W3C
]]></system-err>
  </testcase>
</testsuite>